<?xml version="1.0" encoding="UTF-8"?>
<!-- Generated by org.testng.reporters.JUnitReportReporter -->
<testsuite skipped="0" hostname="LIN35007740" name="com.assignment01.qa.LoginTest.LoginPageTest" tests="1" failures="0" timestamp="10 Aug 2019 17:39:21 GMT" time="24.281" errors="0">
  <testcase name="Logintest" time="24.281" classname="com.assignment01.qa.LoginTest.LoginPageTest"/>
</testsuite> <!-- com.assignment01.qa.LoginTest.LoginPageTest -->
