<?xml version="1.0" encoding="UTF-8"?>
<!-- Generated by org.testng.reporters.JUnitReportReporter -->
<testsuite skipped="0" hostname="LIN35007740" name="com.assignment01.qa.LoginTest.LoginPageTest" tests="1" failures="0" timestamp="03 Aug 2019 07:36:05 GMT" time="25.203" errors="0">
  <testcase name="Logintest" time="25.203" classname="com.assignment01.qa.LoginTest.LoginPageTest"/>
</testsuite> <!-- com.assignment01.qa.LoginTest.LoginPageTest -->
